<?xml version="1.0" encoding="UTF-8"?>
<!-- Generated by org.testng.reporters.JUnitReportReporter -->
<testsuite hostname="DESKTOP-DNLPQGU" failures="0" tests="4" name="WorkingWithTestNg.WorkingWithMulipleTestAnnotation" time="0.015" errors="0" timestamp="2023-12-19T09:26:27 IST" skipped="1">
  <testcase classname="WorkingWithTestNg.WorkingWithMulipleTestAnnotation" name="register" time="0.012"/>
  <system-out/>
  <testcase classname="WorkingWithTestNg.WorkingWithMulipleTestAnnotation" name="login" time="0.002"/>
  <system-out/>
  <testcase classname="WorkingWithTestNg.WorkingWithMulipleTestAnnotation" name="placeOrder" time="0.001"/>
  <system-out/>
  <testcase classname="WorkingWithTestNg.WorkingWithMulipleTestAnnotation" name="AddToCart">
    <skipped/>
  </testcase> <!-- AddToCart -->
  <system-out/>
</testsuite> <!-- WorkingWithTestNg.WorkingWithMulipleTestAnnotation -->
