<?xml version="1.0" encoding="UTF-8"?>
<!-- Generated by org.testng.reporters.JUnitReportReporter -->
<testsuite hostname="Asus_Rocky" failures="0" tests="1" name="WorkingWithTestNg.WorkingWithTestAnnonation" time="0.005" errors="0" timestamp="2023-12-18T11:54:14 IST" skipped="0">
  <testcase classname="WorkingWithTestNg.WorkingWithTestAnnonation" name="testCase" time="0.005"/>
  <system-out/>
</testsuite> <!-- WorkingWithTestNg.WorkingWithTestAnnonation -->
