<?xml version="1.0" encoding="UTF-8"?>
<!-- Generated by org.testng.reporters.JUnitReportReporter -->
<testsuite hostname="DESKTOP-DNLPQGU" failures="0" tests="3" name="WorkingWithTestNg.DataProviderAnnotation" time="19.774" errors="0" timestamp="2023-12-20T09:54:49 IST" skipped="0">
  <testcase classname="WorkingWithTestNg.DataProviderAnnotation" name="testCaseLogin" time="7.378"/>
  <system-out/>
  <testcase classname="WorkingWithTestNg.DataProviderAnnotation" name="testCaseLogin" time="6.433"/>
  <system-out/>
  <testcase classname="WorkingWithTestNg.DataProviderAnnotation" name="testCaseLogin" time="5.963"/>
  <system-out/>
</testsuite> <!-- WorkingWithTestNg.DataProviderAnnotation -->
