<?xml version="1.0" encoding="UTF-8"?>
<!-- Generated by org.testng.reporters.JUnitReportReporter -->
<testsuite hostname="DESKTOP-DNLPQGU" failures="0" tests="1" name="WorkingWithTestNg.ParameterAnnotation" time="8.996" errors="0" timestamp="2023-12-20T09:39:53 IST" skipped="0">
  <testcase classname="WorkingWithTestNg.ParameterAnnotation" name="testCaseLogin" time="8.996"/>
  <system-out/>
</testsuite> <!-- WorkingWithTestNg.ParameterAnnotation -->
