<?xml version="1.0" encoding="UTF-8"?>
<!-- Generated by org.testng.reporters.JUnitReportReporter -->
<testsuite hostname="DESKTOP-DNLPQGU" failures="0" tests="2" name="WorkingWithTestNg.WorkingWithDependOnMethods" time="0.016" errors="0" timestamp="2023-12-19T09:28:07 IST" skipped="0">
  <testcase classname="WorkingWithTestNg.WorkingWithDependOnMethods" name="login" time="0.002"/>
  <system-out/>
  <testcase classname="WorkingWithTestNg.WorkingWithDependOnMethods" name="register" time="0.014"/>
  <system-out/>
</testsuite> <!-- WorkingWithTestNg.WorkingWithDependOnMethods -->
