<?xml version="1.0" encoding="UTF-8"?>
<!-- Generated by org.testng.reporters.JUnitReportReporter -->
<testsuite hostname="DESKTOP-DNLPQGU" failures="0" tests="1" name="WorkingWithTestNg.ConfigureAnnotations" time="0.009" errors="0" timestamp="2023-12-19T10:14:28 IST" skipped="0">
  <testcase classname="WorkingWithTestNg.ConfigureAnnotations" name="testCase1" time="0.009"/>
  <system-out/>
</testsuite> <!-- WorkingWithTestNg.ConfigureAnnotations -->
